<?xml version="1.0" encoding="UTF-8"?>
<testng-results ignored="0" total="1" passed="1" failed="0" skipped="0">
  <reporter-output>
  </reporter-output>
  <suite started-at="2024-11-27T15:03:52 IST" name="Default suite" finished-at="2024-11-27T15:04:00 IST" duration-ms="7536">
    <groups>
    </groups>
    <test started-at="2024-11-27T15:03:52 IST" name="Default test" finished-at="2024-11-27T15:04:00 IST" duration-ms="7536">
      <class name="testscript.LoginTest">
        <test-method is-config="true" signature="beforeMethod()[pri:0, instance:testscript.LoginTest@77847718]" started-at="2024-11-27T15:03:52 IST" name="beforeMethod" finished-at="2024-11-27T15:03:59 IST" duration-ms="7034" status="PASS">
          <reporter-output>
          </reporter-output>
        </test-method> <!-- beforeMethod -->
        <test-method signature="verifythattheuserisabletologinwithinvalidpassword()[pri:0, instance:testscript.LoginTest@77847718]" started-at="2024-11-27T15:03:59 IST" name="verifythattheuserisabletologinwithinvalidpassword" finished-at="2024-11-27T15:04:00 IST" duration-ms="444" status="PASS">
          <reporter-output>
          </reporter-output>
        </test-method> <!-- verifythattheuserisabletologinwithinvalidpassword -->
        <test-method is-config="true" signature="afterMethod()[pri:0, instance:testscript.LoginTest@77847718]" started-at="2024-11-27T15:04:00 IST" name="afterMethod" finished-at="2024-11-27T15:04:00 IST" duration-ms="2" status="PASS">
          <reporter-output>
          </reporter-output>
        </test-method> <!-- afterMethod -->
      </class> <!-- testscript.LoginTest -->
    </test> <!-- Default test -->
  </suite> <!-- Default suite -->
</testng-results>
